Copyright 1986-2022 Xilinx, Inc. All Rights Reserved. Copyright 2022-2024 Advanced Micro Devices, Inc. All Rights Reserved.
---------------------------------------------------------------------------------------------------------------------------------------------
| Tool Version : Vivado v.2024.1 (win64) Build 5076996 Wed May 22 18:37:14 MDT 2024
| Date         : Wed Jan  8 13:10:47 2025
| Host         : COMSYS01 running 64-bit major release  (build 9200)
| Command      : report_control_sets -verbose -file king_bd_wrapper_control_sets_placed.rpt
| Design       : king_bd_wrapper
| Device       : xc7z007s
---------------------------------------------------------------------------------------------------------------------------------------------

Control Set Information

Table of Contents
-----------------
1. Summary
2. Histogram
3. Flip-Flop Distribution
4. Detailed Control Set Information

1. Summary
----------

+----------------------------------------------------------+-------+
|                          Status                          | Count |
+----------------------------------------------------------+-------+
| Total control sets                                       |    38 |
|    Minimum number of control sets                        |    38 |
|    Addition due to synthesis replication                 |     0 |
|    Addition due to physical synthesis replication        |     0 |
| Unused register locations in slices containing registers |   104 |
+----------------------------------------------------------+-------+
* Control sets can be merged at opt_design using control_set_merge or merge_equivalent_drivers
** Run report_qor_suggestions for automated merging and remapping suggestions


2. Histogram
------------

+--------------------+-------+
|       Fanout       | Count |
+--------------------+-------+
| Total control sets |    38 |
| >= 0 to < 4        |     2 |
| >= 4 to < 6        |    12 |
| >= 6 to < 8        |     1 |
| >= 8 to < 10       |     2 |
| >= 10 to < 12      |     2 |
| >= 12 to < 14      |     2 |
| >= 14 to < 16      |     2 |
| >= 16              |    15 |
+--------------------+-------+
* Control sets can be remapped at either synth_design or opt_design


3. Flip-Flop Distribution
-------------------------

+--------------+-----------------------+------------------------+-----------------+--------------+
| Clock Enable | Synchronous Set/Reset | Asynchronous Set/Reset | Total Registers | Total Slices |
+--------------+-----------------------+------------------------+-----------------+--------------+
| No           | No                    | No                     |             119 |           37 |
| No           | No                    | Yes                    |               0 |            0 |
| No           | Yes                   | No                     |              53 |           25 |
| Yes          | No                    | No                     |             311 |           69 |
| Yes          | No                    | Yes                    |               0 |            0 |
| Yes          | Yes                   | No                     |             133 |           34 |
+--------------+-----------------------+------------------------+-----------------+--------------+


4. Detailed Control Set Information
-----------------------------------

+------------------------------------------------+---------------------------------------------------------------------------------------------------------------------------------------------------------------+------------------------------------------------------------------------------------------------------------------------------------------------------+------------------+----------------+--------------+
|                  Clock Signal                  |                                                                         Enable Signal                                                                         |                                                                   Set/Reset Signal                                                                   | Slice Load Count | Bel Load Count | Bels / Slice |
+------------------------------------------------+---------------------------------------------------------------------------------------------------------------------------------------------------------------+------------------------------------------------------------------------------------------------------------------------------------------------------+------------------+----------------+--------------+
|  king_bd_i/processing_system7_0/inst/FCLK_CLK0 | king_bd_i/ps7_0_axi_periph/s00_couplers/auto_pc/inst/gen_axilite.gen_b2s_conv.axilite_b2s/WR.aw_channel_0/aw_cmd_fsm_0/FSM_sequential_state_reg[0]_1          | king_bd_i/ps7_0_axi_periph/s00_couplers/auto_pc/inst/gen_axilite.gen_b2s_conv.axilite_b2s/WR.aw_channel_0/aw_cmd_fsm_0/FSM_sequential_state_reg[0]_0 |                1 |              1 |         1.00 |
|  king_bd_i/processing_system7_0/inst/FCLK_CLK0 | king_bd_i/ps7_0_axi_periph/s00_couplers/auto_pc/inst/gen_axilite.gen_b2s_conv.axilite_b2s/WR.b_channel_0/bid_fifo_0/sel                                       |                                                                                                                                                      |                1 |              2 |         2.00 |
|  king_bd_i/processing_system7_0/inst/FCLK_CLK0 |                                                                                                                                                               | king_bd_i/rst_ps7_0_100M/U0/EXT_LPF/lpf_int                                                                                                          |                2 |              4 |         2.00 |
|  king_bd_i/processing_system7_0/inst/FCLK_CLK0 |                                                                                                                                                               | king_bd_i/ps7_0_axi_periph/s00_couplers/auto_pc/inst/gen_axilite.gen_b2s_conv.axilite_b2s/SI_REG/aw.aw_pipe/aresetn_d_reg[1]_inv_0                   |                3 |              4 |         1.33 |
|  king_bd_i/processing_system7_0/inst/FCLK_CLK0 |                                                                                                                                                               | king_bd_i/ps7_0_axi_periph/s00_couplers/auto_pc/inst/gen_axilite.gen_b2s_conv.axilite_b2s/SI_REG/aw.aw_pipe/aresetn_d_reg[0]_0                       |                3 |              4 |         1.33 |
|  king_bd_i/processing_system7_0/inst/FCLK_CLK0 | king_bd_i/my_uart_tx_0/inst/bit_clk_gen_0/E[0]                                                                                                                | king_bd_i/my_uart_tx_0/inst/bit_cnt                                                                                                                  |                1 |              4 |         4.00 |
|  king_bd_i/processing_system7_0/inst/FCLK_CLK0 | king_bd_i/ps7_0_axi_periph/s00_couplers/auto_pc/inst/gen_axilite.gen_b2s_conv.axilite_b2s/WR.aw_channel_0/cmd_translator_0/incr_cmd_0/axaddr_incr[11]_i_1_n_0 |                                                                                                                                                      |                1 |              4 |         4.00 |
|  king_bd_i/processing_system7_0/inst/FCLK_CLK0 | king_bd_i/myip_slave_0/inst/slv_reg0__0[0]                                                                                                                    | king_bd_i/myip_slave_0/inst/slv_reg0[0]_i_1_n_0                                                                                                      |                2 |              4 |         2.00 |
|  king_bd_i/processing_system7_0/inst/FCLK_CLK0 | king_bd_i/ps7_0_axi_periph/s00_couplers/auto_pc/inst/gen_axilite.gen_b2s_conv.axilite_b2s/WR.aw_channel_0/aw_cmd_fsm_0/m_valid_i_reg[0]                       |                                                                                                                                                      |                2 |              4 |         2.00 |
|  king_bd_i/processing_system7_0/inst/FCLK_CLK0 | king_bd_i/ps7_0_axi_periph/s00_couplers/auto_pc/inst/gen_axilite.gen_b2s_conv.axilite_b2s/RD.ar_channel_0/ar_cmd_fsm_0/sel_first_reg[0]                       |                                                                                                                                                      |                1 |              4 |         4.00 |
|  king_bd_i/processing_system7_0/inst/FCLK_CLK0 | king_bd_i/ps7_0_axi_periph/s00_couplers/auto_pc/inst/gen_axilite.gen_b2s_conv.axilite_b2s/RD.ar_channel_0/ar_cmd_fsm_0/m_axi_arready_2                        | king_bd_i/ps7_0_axi_periph/s00_couplers/auto_pc/inst/gen_axilite.gen_b2s_conv.axilite_b2s/RD.ar_channel_0/ar_cmd_fsm_0/FSM_sequential_state_reg[1]_0 |                2 |              4 |         2.00 |
|  king_bd_i/processing_system7_0/inst/FCLK_CLK0 | king_bd_i/ps7_0_axi_periph/s00_couplers/auto_pc/inst/gen_axilite.gen_b2s_conv.axilite_b2s/RD.ar_channel_0/ar_cmd_fsm_0/E[0]                                   |                                                                                                                                                      |                3 |              4 |         1.33 |
|  king_bd_i/processing_system7_0/inst/FCLK_CLK0 | king_bd_i/ps7_0_axi_periph/s00_couplers/auto_pc/inst/gen_axilite.gen_b2s_conv.axilite_b2s/RD.r_channel_0/rd_data_fifo_0/cnt_read[4]_i_1__0_n_0                | king_bd_i/ps7_0_axi_periph/s00_couplers/auto_pc/inst/gen_axilite.gen_b2s_conv.axilite_b2s/areset_d1                                                  |                2 |              5 |         2.50 |
|  king_bd_i/processing_system7_0/inst/FCLK_CLK0 | king_bd_i/ps7_0_axi_periph/s00_couplers/auto_pc/inst/gen_axilite.gen_b2s_conv.axilite_b2s/RD.r_channel_0/transaction_fifo_0/cnt_read[4]_i_1_n_0               | king_bd_i/ps7_0_axi_periph/s00_couplers/auto_pc/inst/gen_axilite.gen_b2s_conv.axilite_b2s/areset_d1                                                  |                2 |              5 |         2.50 |
|  king_bd_i/processing_system7_0/inst/FCLK_CLK0 | king_bd_i/rst_ps7_0_100M/U0/SEQ/seq_cnt_en                                                                                                                    | king_bd_i/rst_ps7_0_100M/U0/SEQ/SEQ_COUNTER/clear                                                                                                    |                1 |              6 |         6.00 |
|  king_bd_i/processing_system7_0/inst/FCLK_CLK0 | king_bd_i/my_uart_tx_0/inst/send                                                                                                                              |                                                                                                                                                      |                2 |              8 |         4.00 |
|  king_bd_i/processing_system7_0/inst/FCLK_CLK0 | king_bd_i/ps7_0_axi_periph/s00_couplers/auto_pc/inst/gen_axilite.gen_b2s_conv.axilite_b2s/WR.b_channel_0/mhandshake_r                                         | king_bd_i/ps7_0_axi_periph/s00_couplers/auto_pc/inst/gen_axilite.gen_b2s_conv.axilite_b2s/WR.b_channel_0/bid_fifo_0/SR[0]                            |                2 |              8 |         4.00 |
|  king_bd_i/processing_system7_0/inst/FCLK_CLK0 |                                                                                                                                                               | king_bd_i/myip_slave_0/inst/slv_reg0[0]_i_1_n_0                                                                                                      |                6 |             10 |         1.67 |
|  king_bd_i/processing_system7_0/inst/FCLK_CLK0 |                                                                                                                                                               | king_bd_i/ps7_0_axi_periph/s00_couplers/auto_pc/inst/gen_axilite.gen_b2s_conv.axilite_b2s/areset_d1                                                  |                5 |             10 |         2.00 |
|  king_bd_i/processing_system7_0/inst/FCLK_CLK0 | king_bd_i/ps7_0_axi_periph/s00_couplers/auto_pc/inst/gen_axilite.gen_b2s_conv.axilite_b2s/RD.r_channel_0/r_push_r                                             |                                                                                                                                                      |                4 |             13 |         3.25 |
|  king_bd_i/processing_system7_0/inst/FCLK_CLK0 | king_bd_i/ps7_0_axi_periph/s00_couplers/auto_pc/inst/gen_axilite.gen_b2s_conv.axilite_b2s/RD.ar_channel_0/ar_cmd_fsm_0/m_axi_arready_2                        |                                                                                                                                                      |                5 |             13 |         2.60 |
|  king_bd_i/processing_system7_0/inst/FCLK_CLK0 | king_bd_i/ps7_0_axi_periph/s00_couplers/auto_pc/inst/gen_axilite.gen_b2s_conv.axilite_b2s/SI_REG/b.b_pipe/p_1_in                                              |                                                                                                                                                      |                2 |             14 |         7.00 |
|  king_bd_i/processing_system7_0/inst/FCLK_CLK0 | king_bd_i/ps7_0_axi_periph/s00_couplers/auto_pc/inst/gen_axilite.gen_b2s_conv.axilite_b2s/SI_REG/b.b_pipe/s_ready_i_reg_0                                     |                                                                                                                                                      |                2 |             14 |         7.00 |
|  king_bd_i/processing_system7_0/inst/FCLK_CLK0 | king_bd_i/ps7_0_axi_periph/s00_couplers/auto_pc/inst/gen_axilite.gen_b2s_conv.axilite_b2s/WR.aw_channel_0/aw_cmd_fsm_0/FSM_sequential_state_reg[0]_1          |                                                                                                                                                      |                7 |             16 |         2.29 |
|  king_bd_i/processing_system7_0/inst/FCLK_CLK0 | king_bd_i/ps7_0_axi_periph/s00_couplers/auto_pc/inst/gen_axilite.gen_b2s_conv.axilite_b2s/WR.aw_channel_0/aw_cmd_fsm_0/m_axi_awready_0                        |                                                                                                                                                      |                3 |             16 |         5.33 |
|  king_bd_i/processing_system7_0/inst/FCLK_CLK0 |                                                                                                                                                               | king_bd_i/my_uart_tx_0/inst/bit_clk_gen_0/clk_cnt[20]_i_1_n_0                                                                                        |                6 |             21 |         3.50 |
|  king_bd_i/processing_system7_0/inst/FCLK_CLK0 | king_bd_i/ps7_0_axi_periph/s00_couplers/auto_pc/inst/gen_axilite.gen_b2s_conv.axilite_b2s/SI_REG/ar.ar_pipe/s_ready_i_reg_0                                   |                                                                                                                                                      |                6 |             27 |         4.50 |
|  king_bd_i/processing_system7_0/inst/FCLK_CLK0 | king_bd_i/ps7_0_axi_periph/s00_couplers/auto_pc/inst/gen_axilite.gen_b2s_conv.axilite_b2s/SI_REG/aw.aw_pipe/s_ready_i_reg_0                                   |                                                                                                                                                      |                6 |             27 |         4.50 |
|  king_bd_i/processing_system7_0/inst/FCLK_CLK0 | king_bd_i/ps7_0_axi_periph/s00_couplers/auto_pc/inst/gen_axilite.gen_b2s_conv.axilite_b2s/WR.aw_channel_0/aw_cmd_fsm_0/E[0]                                   |                                                                                                                                                      |                6 |             27 |         4.50 |
|  king_bd_i/processing_system7_0/inst/FCLK_CLK0 | king_bd_i/ps7_0_axi_periph/s00_couplers/auto_pc/inst/gen_axilite.gen_b2s_conv.axilite_b2s/RD.ar_channel_0/ar_cmd_fsm_0/m_valid_i_reg[0]                       |                                                                                                                                                      |                5 |             27 |         5.40 |
|  king_bd_i/processing_system7_0/inst/FCLK_CLK0 | king_bd_i/myip_slave_0/inst/slv_reg2_2                                                                                                                        | king_bd_i/myip_slave_0/inst/slv_reg0[0]_i_1_n_0                                                                                                      |                7 |             32 |         4.57 |
|  king_bd_i/processing_system7_0/inst/FCLK_CLK0 | king_bd_i/myip_slave_0/inst/slv_reg3_1                                                                                                                        | king_bd_i/myip_slave_0/inst/slv_reg0[0]_i_1_n_0                                                                                                      |                7 |             32 |         4.57 |
|  king_bd_i/processing_system7_0/inst/FCLK_CLK0 | king_bd_i/myip_slave_0/inst/axi_wdata[31]_i_1_n_0                                                                                                             |                                                                                                                                                      |                7 |             32 |         4.57 |
|  king_bd_i/processing_system7_0/inst/FCLK_CLK0 | king_bd_i/ps7_0_axi_periph/s00_couplers/auto_pc/inst/gen_axilite.gen_b2s_conv.axilite_b2s/RD.r_channel_0/rd_data_fifo_0/wr_en0                                |                                                                                                                                                      |                8 |             32 |         4.00 |
|  king_bd_i/processing_system7_0/inst/FCLK_CLK0 | king_bd_i/myip_slave_0/inst/slv_reg1_0                                                                                                                        | king_bd_i/myip_slave_0/inst/slv_reg0[0]_i_1_n_0                                                                                                      |                7 |             32 |         4.57 |
|  king_bd_i/processing_system7_0/inst/FCLK_CLK0 | king_bd_i/ps7_0_axi_periph/s00_couplers/auto_pc/inst/gen_axilite.gen_b2s_conv.axilite_b2s/SI_REG/r.r_pipe/s_ready_i_reg_0                                     |                                                                                                                                                      |                7 |             45 |         6.43 |
|  king_bd_i/processing_system7_0/inst/FCLK_CLK0 | king_bd_i/ps7_0_axi_periph/s00_couplers/auto_pc/inst/gen_axilite.gen_b2s_conv.axilite_b2s/SI_REG/r.r_pipe/p_1_in                                              |                                                                                                                                                      |                7 |             45 |         6.43 |
|  king_bd_i/processing_system7_0/inst/FCLK_CLK0 |                                                                                                                                                               |                                                                                                                                                      |               38 |            120 |         3.16 |
+------------------------------------------------+---------------------------------------------------------------------------------------------------------------------------------------------------------------+------------------------------------------------------------------------------------------------------------------------------------------------------+------------------+----------------+--------------+


